<?xml version="1.0" encoding="UTF-8"?>
<testng-results skipped="0" failed="0" ignored="0" total="1" passed="1">
  <reporter-output>
  </reporter-output>
  <suite name="Default suite" duration-ms="20281" started-at="2019-02-22T03:08:23Z" finished-at="2019-02-22T03:08:43Z">
    <groups>
    </groups>
    <test name="Default test" duration-ms="20281" started-at="2019-02-22T03:08:23Z" finished-at="2019-02-22T03:08:43Z">
      <class name="mPortalRegression_TestPages.Homepage_Test">
        <test-method status="PASS" signature="setup()[pri:0, instance:mPortalRegression_TestPages.Homepage_Test@7f1ef916]" name="setup" is-config="true" duration-ms="17592" started-at="2019-02-22T03:08:23Z" finished-at="2019-02-22T03:08:41Z">
          <reporter-output>
          </reporter-output>
        </test-method> <!-- setup -->
        <test-method status="PASS" signature="merchantHome()[pri:0, instance:mPortalRegression_TestPages.Homepage_Test@7f1ef916]" name="merchantHome" duration-ms="214" started-at="2019-02-22T03:08:41Z" finished-at="2019-02-22T03:08:41Z">
          <reporter-output>
          </reporter-output>
        </test-method> <!-- merchantHome -->
        <test-method status="PASS" signature="teardown()[pri:0, instance:mPortalRegression_TestPages.Homepage_Test@7f1ef916]" name="teardown" is-config="true" duration-ms="2319" started-at="2019-02-22T03:08:41Z" finished-at="2019-02-22T03:08:43Z">
          <reporter-output>
          </reporter-output>
        </test-method> <!-- teardown -->
      </class> <!-- mPortalRegression_TestPages.Homepage_Test -->
    </test> <!-- Default test -->
  </suite> <!-- Default suite -->
</testng-results>
