<?xml version="1.0" encoding="UTF-8"?>
<!-- Generated by org.testng.reporters.JUnitXMLReporter -->
<testsuite hostname="tOMARdHARAM" ignored="0" name="Test" tests="11" failures="0" timestamp="08 Feb 2019 03:34:13 GMT" time="253.121" errors="0">
  <testcase name="merchantHome" time="0.219" classname="mPortalRegression_TestPages.Homepage_Test"/>
  <testcase name="profiletest" time="2.399" classname="mPortalRegression_TestPages.MerchantProfile_Test"/>
  <testcase name="testtxnlist" time="0.805" classname="mPortalRegression_TestPages.TxnList_Test"/>
  <testcase name="walletreport" time="0.228" classname="mPortalRegression_TestPages.WalletTxnReport_Test"/>
  <testcase name="downloadcardreports" time="3.724" classname="mPortalRegression_TestPages.CardTxnReport_Test"/>
  <testcase name="downloadcashreport" time="2.735" classname="mPortalRegression_TestPages.CashTxnReport_Test"/>
  <testcase name="cahngePassword" time="0.937" classname="mPortalRegression_TestPages.ChangePassword_Test"/>
  <testcase name="riskmgt" time="0.197" classname="mPortalRegression_TestPages.RiskMgt_Test"/>
  <testcase name="loyaltytest" time="0.804" classname="mPortalRegression_TestPages.Loyalty_Test"/>
  <testcase name="ezWallet" time="0.255" classname="mPortalRegression_TestPages.EZWallet_Test"/>
  <testcase name="payoutHistory" time="1.726" classname="mPortalRegression_TestPages.PayoutHistory_Test"/>
</testsuite> <!-- Test -->
