<?xml version="1.0" encoding="UTF-8"?>
<testng-results skipped="0" failed="0" ignored="0" total="2" passed="2">
  <reporter-output>
  </reporter-output>
  <suite name="Suite" duration-ms="39923" started-at="2019-02-21T02:51:05Z" finished-at="2019-02-21T02:51:45Z">
    <groups>
    </groups>
    <test name="Test" duration-ms="39923" started-at="2019-02-21T02:51:05Z" finished-at="2019-02-21T02:51:45Z">
      <class name="mPortalRegression_TestPages.MerchantProfile_Test">
        <test-method status="PASS" signature="setup()[pri:0, instance:mPortalRegression_TestPages.MerchantProfile_Test@240f6c41]" name="setup" is-config="true" duration-ms="16902" started-at="2019-02-21T02:51:26Z" finished-at="2019-02-21T02:51:43Z">
          <reporter-output>
          </reporter-output>
        </test-method> <!-- setup -->
        <test-method status="PASS" signature="profiletest()[pri:0, instance:mPortalRegression_TestPages.MerchantProfile_Test@240f6c41]" name="profiletest" duration-ms="1677" started-at="2019-02-21T02:51:43Z" finished-at="2019-02-21T02:51:45Z">
          <reporter-output>
          </reporter-output>
        </test-method> <!-- profiletest -->
        <test-method status="PASS" signature="teardown()[pri:0, instance:mPortalRegression_TestPages.MerchantProfile_Test@240f6c41]" name="teardown" is-config="true" duration-ms="75" started-at="2019-02-21T02:51:45Z" finished-at="2019-02-21T02:51:45Z">
          <reporter-output>
          </reporter-output>
        </test-method> <!-- teardown -->
      </class> <!-- mPortalRegression_TestPages.MerchantProfile_Test -->
      <class name="mPortalRegression_TestPages.Homepage_Test">
        <test-method status="PASS" signature="setup()[pri:0, instance:mPortalRegression_TestPages.Homepage_Test@6b2e0f78]" name="setup" is-config="true" duration-ms="20902" started-at="2019-02-21T02:51:05Z" finished-at="2019-02-21T02:51:26Z">
          <reporter-output>
          </reporter-output>
        </test-method> <!-- setup -->
        <test-method status="PASS" signature="merchantHome()[pri:0, instance:mPortalRegression_TestPages.Homepage_Test@6b2e0f78]" name="merchantHome" duration-ms="78" started-at="2019-02-21T02:51:26Z" finished-at="2019-02-21T02:51:26Z">
          <reporter-output>
          </reporter-output>
        </test-method> <!-- merchantHome -->
        <test-method status="PASS" signature="teardown()[pri:0, instance:mPortalRegression_TestPages.Homepage_Test@6b2e0f78]" name="teardown" is-config="true" duration-ms="118" started-at="2019-02-21T02:51:26Z" finished-at="2019-02-21T02:51:26Z">
          <reporter-output>
          </reporter-output>
        </test-method> <!-- teardown -->
      </class> <!-- mPortalRegression_TestPages.Homepage_Test -->
    </test> <!-- Test -->
  </suite> <!-- Suite -->
</testng-results>
