<?xml version="1.0" encoding="UTF-8"?>
<!-- Generated by org.testng.reporters.JUnitXMLReporter -->
<testsuite hostname="tOMARdHARAM" ignored="0" name="Test" tests="11" failures="0" timestamp="12 Feb 2019 18:36:48 GMT" time="158.36" errors="0">
  <testcase name="merchantHome" time="0.761" classname="mPortalRegression_TestPages.Homepage_Test"/>
  <testcase name="profiletest" time="5.839" classname="mPortalRegression_TestPages.MerchantProfile_Test"/>
  <testcase name="testtxnlist" time="0.972" classname="mPortalRegression_TestPages.TxnList_Test"/>
  <testcase name="walletreport" time="0.146" classname="mPortalRegression_TestPages.WalletTxnReport_Test"/>
  <testcase name="downloadcardreports" time="3.079" classname="mPortalRegression_TestPages.CardTxnReport_Test"/>
  <testcase name="downloadcashreport" time="1.222" classname="mPortalRegression_TestPages.CashTxnReport_Test"/>
  <testcase name="cahngePassword" time="0.758" classname="mPortalRegression_TestPages.ChangePassword_Test"/>
  <testcase name="riskmgt" time="0.249" classname="mPortalRegression_TestPages.RiskMgt_Test"/>
  <testcase name="loyaltytest" time="0.792" classname="mPortalRegression_TestPages.Loyalty_Test"/>
  <testcase name="ezWallet" time="0.18" classname="mPortalRegression_TestPages.EZWallet_Test"/>
  <testcase name="payoutHistory" time="1.409" classname="mPortalRegression_TestPages.PayoutHistory_Test"/>
</testsuite> <!-- Test -->
